# JRE version: Java(TM) SE Runtime Environment (7.0_79-b15) (build 1.7.0_79-b15)
# Java VM: Java HotSpot(TM) Client VM (24.79-b02 mixed mode, sharing windows-x86 )
Heap
 def new generation   total 18112K, used 11773K [0x24e00000, 0x261a0000, 0x2a350000)
  eden space 16128K,  60% used [0x24e00000, 0x2578f6a0, 0x25dc0000)
  from space 1984K, 100% used [0x25dc0000, 0x25fb0000, 0x25fb0000)
  to   space 1984K,   0% used [0x25fb0000, 0x25fb0000, 0x261a0000)
 tenured generation   total 40116K, used 33971K [0x2a350000, 0x2ca7d000, 0x34e00000)
   the space 40116K,  84% used [0x2a350000, 0x2c47cfd0, 0x2c47d000, 0x2ca7d000)
 compacting perm gen  total 20224K, used 20103K [0x34e00000, 0x361c0000, 0x38e00000)
   the space 20224K,  99% used [0x34e00000, 0x361a1f58, 0x361a2000, 0x361c0000)
    ro space 10240K,  44% used [0x38e00000, 0x3927c1d8, 0x3927c200, 0x39800000)
    rw space 12288K,  52% used [0x39800000, 0x39e440c0, 0x39e44200, 0x3a400000)
GC Heap History (10 events):
Event: 5.200 GC heap before
{Heap before GC invocations=63 (full 3):
 def new generation   total 18112K, used 18111K [0x24e00000, 0x261a0000, 0x2a350000)
  eden space 16128K, 100% used [0x24e00000, 0x25dc0000, 0x25dc0000)
  from space 1984K,  99% used [0x25fb0000, 0x2619fff8, 0x261a0000)
  to   space 1984K,   0% used [0x25dc0000, 0x25dc0000, 0x25fb0000)
 tenured generation   total 40116K, used 24351K [0x2a350000, 0x2ca7d000, 0x34e00000)
   the space 40116K,  60% used [0x2a350000, 0x2bb17f70, 0x2bb18000, 0x2ca7d000)
 compacting perm gen  total 18688K, used 18650K [0x34e00000, 0x36040000, 0x38e00000)
   the space 18688K,  99% used [0x34e00000, 0x360369f0, 0x36036a00, 0x36040000)
    ro space 10240K,  44% used [0x38e00000, 0x3927c1d8, 0x3927c200, 0x39800000)
    rw space 12288K,  52% used [0x39800000, 0x39e440c0, 0x39e44200, 0x3a400000)
Event: 5.209 GC heap after
Heap after GC invocations=64 (full 3):
 def new generation   total 18112K, used 1690K [0x24e00000, 0x261a0000, 0x2a350000)
  eden space 16128K,   0% used [0x24e00000, 0x24e00000, 0x25dc0000)
  from space 1984K,  85% used [0x25dc0000, 0x25f668d8, 0x25fb0000)
  to   space 1984K,   0% used [0x25fb0000, 0x25fb0000, 0x261a0000)
 tenured generation   total 40116K, used 26026K [0x2a350000, 0x2ca7d000, 0x34e00000)
   the space 40116K,  64% used [0x2a350000, 0x2bcba8e8, 0x2bcbaa00, 0x2ca7d000)
 compacting perm gen  total 18688K, used 18650K [0x34e00000, 0x36040000, 0x38e00000)
   the space 18688K,  99% used [0x34e00000, 0x360369f0, 0x36036a00, 0x36040000)
    ro space 10240K,  44% used [0x38e00000, 0x3927c1d8, 0x3927c200, 0x39800000)
    rw space 12288K,  52% used [0x39800000, 0x39e440c0, 0x39e44200, 0x3a400000)
}
Event: 5.313 GC heap before
{Heap before GC invocations=64 (full 3):
 def new generation   total 18112K, used 17818K [0x24e00000, 0x261a0000, 0x2a350000)
  eden space 16128K, 100% used [0x24e00000, 0x25dc0000, 0x25dc0000)
  from space 1984K,  85% used [0x25dc0000, 0x25f668d8, 0x25fb0000)
  to   space 1984K,   0% used [0x25fb0000, 0x25fb0000, 0x261a0000)
 tenured generation   total 40116K, used 26026K [0x2a350000, 0x2ca7d000, 0x34e00000)
   the space 40116K,  64% used [0x2a350000, 0x2bcba8e8, 0x2bcbaa00, 0x2ca7d000)
 compacting perm gen  total 18944K, used 18913K [0x34e00000, 0x36080000, 0x38e00000)
   the space 18944K,  99% used [0x34e00000, 0x360787f8, 0x36078800, 0x36080000)
    ro space 10240K,  44% used [0x38e00000, 0x3927c1d8, 0x3927c200, 0x39800000)
    rw space 12288K,  52% used [0x39800000, 0x39e440c0, 0x39e44200, 0x3a400000)
Event: 5.321 GC heap after
Heap after GC invocations=65 (full 3):
 def new generation   total 18112K, used 1903K [0x24e00000, 0x261a0000, 0x2a350000)
  eden space 16128K,   0% used [0x24e00000, 0x24e00000, 0x25dc0000)
  from space 1984K,  95% used [0x25fb0000, 0x2618bd68, 0x261a0000)
  to   space 1984K,   0% used [0x25dc0000, 0x25dc0000, 0x25fb0000)
 tenured generation   total 40116K, used 27537K [0x2a350000, 0x2ca7d000, 0x34e00000)
   the space 40116K,  68% used [0x2a350000, 0x2be345f0, 0x2be34600, 0x2ca7d000)
 compacting perm gen  total 18944K, used 18913K [0x34e00000, 0x36080000, 0x38e00000)
   the space 18944K,  99% used [0x34e00000, 0x360787f8, 0x36078800, 0x36080000)
    ro space 10240K,  44% used [0x38e00000, 0x3927c1d8, 0x3927c200, 0x39800000)
    rw space 12288K,  52% used [0x39800000, 0x39e440c0, 0x39e44200, 0x3a400000)
}
Event: 5.443 GC heap before
{Heap before GC invocations=65 (full 3):
 def new generation   total 18112K, used 18031K [0x24e00000, 0x261a0000, 0x2a350000)
  eden space 16128K, 100% used [0x24e00000, 0x25dc0000, 0x25dc0000)
  from space 1984K,  95% used [0x25fb0000, 0x2618bd68, 0x261a0000)
  to   space 1984K,   0% used [0x25dc0000, 0x25dc0000, 0x25fb0000)
 tenured generation   total 40116K, used 27537K [0x2a350000, 0x2ca7d000, 0x34e00000)
   the space 40116K,  68% used [0x2a350000, 0x2be345f0, 0x2be34600, 0x2ca7d000)
 compacting perm gen  total 19456K, used 19244K [0x34e00000, 0x36100000, 0x38e00000)
   the space 19456K,  98% used [0x34e00000, 0x360cb038, 0x360cb200, 0x36100000)
    ro space 10240K,  44% used [0x38e00000, 0x3927c1d8, 0x3927c200, 0x39800000)
    rw space 12288K,  52% used [0x39800000, 0x39e440c0, 0x39e44200, 0x3a400000)
Event: 5.451 GC heap after
Heap after GC invocations=66 (full 3):
 def new generation   total 18112K, used 1533K [0x24e00000, 0x261a0000, 0x2a350000)
  eden space 16128K,   0% used [0x24e00000, 0x24e00000, 0x25dc0000)
  from space 1984K,  77% used [0x25dc0000, 0x25f3f510, 0x25fb0000)
  to   space 1984K,   0% used [0x25fb0000, 0x25fb0000, 0x261a0000)
 tenured generation   total 40116K, used 29283K [0x2a350000, 0x2ca7d000, 0x34e00000)
   the space 40116K,  72% used [0x2a350000, 0x2bfe8c48, 0x2bfe8e00, 0x2ca7d000)
 compacting perm gen  total 19456K, used 19244K [0x34e00000, 0x36100000, 0x38e00000)
   the space 19456K,  98% used [0x34e00000, 0x360cb038, 0x360cb200, 0x36100000)
    ro space 10240K,  44% used [0x38e00000, 0x3927c1d8, 0x3927c200, 0x39800000)
    rw space 12288K,  52% used [0x39800000, 0x39e440c0, 0x39e44200, 0x3a400000)
}
Event: 5.582 GC heap before
{Heap before GC invocations=66 (full 3):
 def new generation   total 18112K, used 17661K [0x24e00000, 0x261a0000, 0x2a350000)
  eden space 16128K, 100% used [0x24e00000, 0x25dc0000, 0x25dc0000)
  from space 1984K,  77% used [0x25dc0000, 0x25f3f510, 0x25fb0000)
  to   space 1984K,   0% used [0x25fb0000, 0x25fb0000, 0x261a0000)
 tenured generation   total 40116K, used 29283K [0x2a350000, 0x2ca7d000, 0x34e00000)
   the space 40116K,  72% used [0x2a350000, 0x2bfe8c48, 0x2bfe8e00, 0x2ca7d000)
 compacting perm gen  total 19456K, used 19444K [0x34e00000, 0x36100000, 0x38e00000)
   the space 19456K,  99% used [0x34e00000, 0x360fd0c8, 0x360fd200, 0x36100000)
    ro space 10240K,  44% used [0x38e00000, 0x3927c1d8, 0x3927c200, 0x39800000)
    rw space 12288K,  52% used [0x39800000, 0x39e440c0, 0x39e44200, 0x3a400000)
Event: 5.595 GC heap after
Heap after GC invocations=67 (full 3):
 def new generation   total 18112K, used 1984K [0x24e00000, 0x261a0000, 0x2a350000)
  eden space 16128K,   0% used [0x24e00000, 0x24e00000, 0x25dc0000)
  from space 1984K, 100% used [0x25fb0000, 0x261a0000, 0x261a0000)
  to   space 1984K,   0% used [0x25dc0000, 0x25dc0000, 0x25fb0000)
 tenured generation   total 40116K, used 31850K [0x2a350000, 0x2ca7d000, 0x34e00000)
   the space 40116K,  79% used [0x2a350000, 0x2c26a8d8, 0x2c26aa00, 0x2ca7d000)
 compacting perm gen  total 19456K, used 19444K [0x34e00000, 0x36100000, 0x38e00000)
   the space 19456K,  99% used [0x34e00000, 0x360fd0c8, 0x360fd200, 0x36100000)
    ro space 10240K,  44% used [0x38e00000, 0x3927c1d8, 0x3927c200, 0x39800000)
    rw space 12288K,  52% used [0x39800000, 0x39e440c0, 0x39e44200, 0x3a400000)
}
Event: 5.737 GC heap before
{Heap before GC invocations=67 (full 3):
 def new generation   total 18112K, used 18112K [0x24e00000, 0x261a0000, 0x2a350000)
  eden space 16128K, 100% used [0x24e00000, 0x25dc0000, 0x25dc0000)
  from space 1984K, 100% used [0x25fb0000, 0x261a0000, 0x261a0000)
  to   space 1984K,   0% used [0x25dc0000, 0x25dc0000, 0x25fb0000)
 tenured generation   total 40116K, used 31850K [0x2a350000, 0x2ca7d000, 0x34e00000)
   the space 40116K,  79% used [0x2a350000, 0x2c26a8d8, 0x2c26aa00, 0x2ca7d000)
 compacting perm gen  total 19968K, used 19748K [0x34e00000, 0x36180000, 0x38e00000)
   the space 19968K,  98% used [0x34e00000, 0x361493f8, 0x36149400, 0x36180000)
    ro space 10240K,  44% used [0x38e00000, 0x3927c1d8, 0x3927c200, 0x39800000)
    rw space 12288K,  52% used [0x39800000, 0x39e440c0, 0x39e44200, 0x3a400000)
Event: 5.749 GC heap after
Heap after GC invocations=68 (full 3):
 def new generation   total 18112K, used 1984K [0x24e00000, 0x261a0000, 0x2a350000)
  eden space 16128K,   0% used [0x24e00000, 0x24e00000, 0x25dc0000)
  from space 1984K, 100% used [0x25dc0000, 0x25fb0000, 0x25fb0000)
  to   space 1984K,   0% used [0x25fb0000, 0x25fb0000, 0x261a0000)
 tenured generation   total 40116K, used 33971K [0x2a350000, 0x2ca7d000, 0x34e00000)
   the space 40116K,  84% used [0x2a350000, 0x2c47cfd0, 0x2c47d000, 0x2ca7d000)
 compacting perm gen  total 19968K, used 19748K [0x34e00000, 0x36180000, 0x38e00000)
   the space 19968K,  98% used [0x34e00000, 0x361493f8, 0x36149400, 0x36180000)
    ro space 10240K,  44% used [0x38e00000, 0x3927c1d8, 0x3927c200, 0x39800000)
    rw space 12288K,  52% used [0x39800000, 0x39e440c0, 0x39e44200, 0x3a400000)
}

